[11:05:51] GET https://api.r10086.com/%E6%A8%B1%E9%81%93%E9%9A%8F%E6%9C%BA%E5%9B%BE%E7%89%87api%E6%8E%A5%E5%8F%A3.php?%E5%9B%BE%E7%89%87%E7%B3%BB%E5%88%97=%E5%8A%A8%E6%BC%AB%E7%BB%BC%E5%90%881 | Status: 200
[11:07:25] GET https://jkapi.com/api/bili_hot | Status: 200
[11:13:35] GET https://jkapi.com/api/bili_hot | Status: 200
[11:21:29] GET https://jkapi.com/api/bili_hot | Status: 504
[16:29:08] GET https://jkapi.com/api/avatar_woman | Status: ERROR
[16:29:40] GET https://jkapi.com/api/avatar_woman | Status: ERROR
[16:38:14] GET https://jkapi.com/api/zz_whois?domain=baidu.com&type=json | Status: 200
[17:26:18] 200 | GET https://wanghun.top/api/jxtx.php
[20:58:37] 200 | GET https://wanghun.top/api/jxtx.php
[21:58:07] 200 | GET https://imgapi.cn/api.php
[21:59:24] 200 | GET https://wanghun.top/api/jxtx.php
[22:05:45] 200 | GET https://imgapi.cn/api.php
[22:09:29] 200 | GET https://imgapi.cn/cos.php
[22:09:34] 200 | GET https://imgapi.cn/cos.php
[22:22:56] 200 | GET https://imgapi.cn/cos.php
[22:23:24] 200 | GET https://imgapi.cn/cos.php
[22:23:27] 200 | GET https://imgapi.cn/cos.php
[22:23:30] 200 | GET https://imgapi.cn/cos.php
[22:51:06] 200 | GET https://imgapi.cn/cos.php
[22:51:10] 200 | GET https://imgapi.cn/cos.php
[22:51:22] 200 | GET https://imgapi.cn/cos.php
[22:51:27] 200 | GET https://wanghun.top/api/jxtx.php
[22:51:35] 200 | GET https://imgapi.cn/api.php
